d:\proj\mfc\salesystem\salesystem\debug\salesystem.pch
d:\proj\mfc\salesystem\salesystem\debug\vc120.pdb
d:\proj\mfc\salesystem\salesystem\debug\vc120.idb
d:\proj\mfc\salesystem\salesystem\debug\stdafx.obj
d:\proj\mfc\salesystem\salesystem\debug\mainfrm.obj
d:\proj\mfc\salesystem\salesystem\debug\salesystem.obj
d:\proj\mfc\salesystem\salesystem\debug\salesystemdoc.obj
d:\proj\mfc\salesystem\salesystem\debug\salesystemview.obj
d:\proj\mfc\salesystem\salesystem\debug\infofile.obj
d:\proj\mfc\salesystem\salesystem\debug\logindlg.obj
d:\proj\mfc\salesystem\salesystem\debug\dispalyview.obj
d:\proj\mfc\salesystem\salesystem\debug\selectview.obj
d:\proj\mfc\salesystem\debug\salesystem.ilk
d:\proj\mfc\salesystem\debug\salesystem.exe
d:\proj\mfc\salesystem\debug\salesystem.pdb
d:\proj\mfc\salesystem\salesystem\debug\salesystem.res
d:\proj\mfc\salesystem\salesystem\debug\salesystem.tlog\cl.command.1.tlog
d:\proj\mfc\salesystem\salesystem\debug\salesystem.tlog\cl.read.1.tlog
d:\proj\mfc\salesystem\salesystem\debug\salesystem.tlog\cl.write.1.tlog
d:\proj\mfc\salesystem\salesystem\debug\salesystem.tlog\link.command.1.tlog
d:\proj\mfc\salesystem\salesystem\debug\salesystem.tlog\link.read.1.tlog
d:\proj\mfc\salesystem\salesystem\debug\salesystem.tlog\link.write.1.tlog
d:\proj\mfc\salesystem\salesystem\debug\salesystem.tlog\rc.command.1.tlog
d:\proj\mfc\salesystem\salesystem\debug\salesystem.tlog\rc.read.1.tlog
d:\proj\mfc\salesystem\salesystem\debug\salesystem.tlog\rc.write.1.tlog
