生成启动时间为 2019/11/4 16:48:16。
     1>项目“D:\Proj\MFC\saleSystem\saleSystem\saleSystem.vcxproj”在节点 2 上(Build 个目标)。
     1>ClCompile:
         D:\programs\vs2013\VC\bin\CL.exe /c /ID:\Proj\MFC\saleSystem\saleSystem\ /ZI /nologo /W3 /WX- /sdl /Od /Oy- /D WIN32 /D _WINDOWS /D _DEBUG /D _CRT_SECURE_NO_WARNINGS /D _UNICODE /D UNICODE /D _AFXDLL /Gm /EHsc /RTC1 /MDd /GS /fp:precise /Zc:wchar_t /Zc:forScope /Yu"stdafx.h" /Fp"Debug\saleSystem.pch" /Fo"Debug\\" /Fd"Debug\vc120.pdb" /Gd /TP /analyze- /errorReport:prompt SelectView.cpp
         SelectView.cpp
       Link:
         D:\programs\vs2013\VC\bin\link.exe /ERRORREPORT:PROMPT /OUT:"D:\Proj\MFC\saleSystem\Debug\saleSystem.exe" /INCREMENTAL /NOLOGO opencv_objdetect249.lib opencv_ts249.lib opencv_video249.lib opencv_nonfree249.lib opencv_ocl249.lib opencv_photo249.lib opencv_stitching249.lib opencv_superres249.lib opencv_videostab249.lib opencv_calib3d249.lib opencv_contrib249.lib opencv_core249.lib opencv_features2d249.lib opencv_flann249.lib opencv_gpu249.lib opencv_highgui249.lib opencv_imgproc249.lib opencv_legacy249.lib opencv_ml249.lib /MANIFEST /MANIFESTUAC:"level='asInvoker' uiAccess='false'" /manifest:embed /manifestinput:D:\programs\vs2013\VC\Include\Manifest\dpiaware.manifest /DEBUG /PDB:"D:\Proj\MFC\saleSystem\Debug\saleSystem.pdb" /SUBSYSTEM:WINDOWS /TLBID:1 /ENTRY:"wWinMainCRTStartup" /DYNAMICBASE /NXCOMPAT /IMPLIB:"D:\Proj\MFC\saleSystem\Debug\saleSystem.lib" /MACHINE:X86 Debug\saleSystem.res
         Debug\AddDlg.obj
         Debug\DelDlg.obj
         Debug\DispalyView.obj
         Debug\InfoDlg.obj
         Debug\InfoFile.obj
         Debug\LoginDlg.obj
         Debug\MainFrm.obj
         Debug\saleSystem.obj
         Debug\saleSystemDoc.obj
         Debug\saleSystemView.obj
         Debug\SelectView.obj
         Debug\SellDlg.obj
         Debug\stdafx.obj
         Debug\UserDlg.obj
         saleSystem.vcxproj -> D:\Proj\MFC\saleSystem\Debug\saleSystem.exe
     1>已完成生成项目“D:\Proj\MFC\saleSystem\saleSystem\saleSystem.vcxproj”(Build 个目标)的操作。

生成成功。

已用时间 00:00:05.79
